<?xml version="1.0" encoding="UTF-8"?>
<!-- Generated by org.testng.reporters.JUnitReportReporter -->
<testsuite skipped="0" hostname="HP-HP" name="demo.TC002_Login_TravelWithUs_dot_asia" tests="1" failures="0" timestamp="21 May 2019 15:19:46 GMT" time="48.417" errors="0">
  <testcase name="testLoginTravelWithUs" time="48.417" classname="demo.TC002_Login_TravelWithUs_dot_asia"/>
</testsuite> <!-- demo.TC002_Login_TravelWithUs_dot_asia -->
