<?xml version="1.0" encoding="UTF-8"?>
<!-- Generated by org.testng.reporters.JUnitReportReporter -->
<testsuite skipped="0" hostname="HP-HP" name="demo.TC003_CreateTrip_TravelWithUs_dot_asia" tests="1" failures="0" timestamp="21 May 2019 15:26:51 GMT" time="23.138" errors="0">
  <testcase name="testCreateTripTravelWithUs" time="23.138" classname="demo.TC003_CreateTrip_TravelWithUs_dot_asia"/>
</testsuite> <!-- demo.TC003_CreateTrip_TravelWithUs_dot_asia -->
