<?xml version="1.0" encoding="UTF-8"?>
<!-- Generated by org.testng.reporters.JUnitReportReporter -->
<testsuite skipped="0" hostname="HP-HP" name="demo.TC001" tests="1" failures="0" timestamp="07 May 2019 13:47:34 GMT" time="16.586" errors="0">
  <testcase name="testGoogleSearch" time="16.586" classname="demo.TC001"/>
</testsuite> <!-- demo.TC001 -->
